<?xml version="1.0" encoding="UTF-8"?>
<testsuite xmlns:xsi="http://www.w3.org/2001/XMLSchema-instance" xsi:noNamespaceSchemaLocation="https://maven.apache.org/surefire/maven-surefire-plugin/xsd/surefire-test-report-3.0.xsd" version="3.0" name="runners.TestRunner" time="13.457" tests="2" errors="0" skipped="0" failures="0">
  <properties>
[...]
</properties>
  <testcase name="Verify Savings field is displayed under BANKING ACCOUNTS section and it has View Savings, New Savings" classname="This feature file describes scenarios to verify successful navigation to New Savings Account creation page" time="3.753">
    <system-out><![CDATA[
@nsa1-4
Scenario: Verify Savings field is displayed under BANKING ACCOUNTS section and it has View Savings, New Savings &amp#27;[90m# src/test/resources/features/NSAAutomation.feature:29&amp#27;[0m
  &amp#27;[32mGiven &amp#27;[0m&amp#27;[32muser entered correct URL&amp#27;[0m                                                                                &amp#27;[90m# stepDefs.LoginSteps.user_entered_correct_url()&amp#27;[0m
  &amp#27;[32mAnd &amp#27;[0m&amp#27;[32muser enters valid username &amp#27;[0m&amp#27;[32m&amp#27;[1m"<valid.username>"&amp#27;[0m&amp#27;[32m and password &amp#27;[0m&amp#27;[32m&amp#27;[1m"<valid.password>"&amp#27;[0m                             &amp#27;[90m# stepDefs.LoginSteps.user_enters_valid_username_and_password(java.lang.String,java.lang.String)&amp#27;[0m
  &amp#27;[32mAnd &amp#27;[0m&amp#27;[32muser clicks on Sign In button&amp#27;[0m                                                                             &amp#27;[90m# stepDefs.LoginSteps.user_clicks_on_sign_in_button()&amp#27;[0m
  &amp#27;[32mGiven &amp#27;[0m&amp#27;[32mverify user is successfully logged in to the account&amp#27;[0m                                                    &amp#27;[90m# stepDefs.LoginSteps.verify_user_is_successfully_logged_in_to_the_account()&amp#27;[0m
  &amp#27;[32mThen &amp#27;[0m&amp#27;[32mSavings field is displayed under BANKING ACCOUNTS section&amp#27;[0m                                                &amp#27;[90m# stepDefs.HomeSteps.savings_field_is_displayed_under_banking_accounts_section()&amp#27;[0m
  &amp#27;[32mWhen &amp#27;[0m&amp#27;[32muser clicks on Savings field&amp#27;[0m                                                                             &amp#27;[90m# stepDefs.HomeSteps.user_clicks_on_savings_field()&amp#27;[0m
  &amp#27;[32mThen &amp#27;[0m&amp#27;[32mView Savings and New Savings options are displayed&amp#27;[0m                                                       &amp#27;[90m# stepDefs.HomeSteps.view_savings_and_new_savings_options_are_displayed()&amp#27;[0m
]]></system-out>
    <system-err><![CDATA[Starting ChromeDriver 104.0.5112.79 (3cf3e8c8a07d104b9e1260c910efb8f383285dc5-refs/branch-heads/5112@{#1307}) on port 59089
Only local connections are allowed.
Please see https://chromedriver.chromium.org/security-considerations for suggestions on keeping ChromeDriver safe.
ChromeDriver was started successfully.
Aug 17, 2022 1:16:19 PM org.openqa.selenium.remote.ProtocolHandshake createSession
INFO: Detected dialect: W3C
Aug 17, 2022 1:16:19 PM org.openqa.selenium.devtools.CdpVersionFinder findNearestMatch
WARNING: Unable to find an exact match for CDP version 104, so returning the closest version found: a no-op implementation
Aug 17, 2022 1:16:19 PM org.openqa.selenium.devtools.CdpVersionFinder findNearestMatch
INFO: Unable to find CDP implementation matching 104.
Aug 17, 2022 1:16:19 PM org.openqa.selenium.chromium.ChromiumDriver lambda$new$3
WARNING: Unable to find version of CDP to use for . You may need to include a dependency on a specific version of the CDP using something similar to `org.seleniumhq.selenium:selenium-devtools-v86:4.1.4` where the version ("v86") matches the version of the chromium-based browser you're using and the version number of the artifact is the same as Selenium's.
]]></system-err>
  </testcase>
  <testcase name="Verify 2nd scenario" classname="This feature file describes scenarios to verify successful navigation to New Savings Account creation page" time="9.135">
    <system-out><![CDATA[
@nsa1-4
Scenario: Verify 2nd scenario                                                       &amp#27;[90m# src/test/resources/features/NSAAutomation.feature:37&amp#27;[0m
  &amp#27;[32mGiven &amp#27;[0m&amp#27;[32muser entered correct URL&amp#27;[0m                                                    &amp#27;[90m# stepDefs.LoginSteps.user_entered_correct_url()&amp#27;[0m
  &amp#27;[32mAnd &amp#27;[0m&amp#27;[32muser enters valid username &amp#27;[0m&amp#27;[32m&amp#27;[1m"<valid.username>"&amp#27;[0m&amp#27;[32m and password &amp#27;[0m&amp#27;[32m&amp#27;[1m"<valid.password>"&amp#27;[0m &amp#27;[90m# stepDefs.LoginSteps.user_enters_valid_username_and_password(java.lang.String,java.lang.String)&amp#27;[0m
  &amp#27;[32mAnd &amp#27;[0m&amp#27;[32muser clicks on Sign In button&amp#27;[0m                                                 &amp#27;[90m# stepDefs.LoginSteps.user_clicks_on_sign_in_button()&amp#27;[0m
  &amp#27;[32mGiven &amp#27;[0m&amp#27;[32muser clicks on Savings field&amp#27;[0m                                                &amp#27;[90m# stepDefs.HomeSteps.user_clicks_on_savings_field()&amp#27;[0m
  &amp#27;[32mWhen &amp#27;[0m&amp#27;[32muser right clicks on New Savings option and chooses open in new tab&amp#27;[0m          &amp#27;[90m# stepDefs.HomeSteps.user_right_clicks_on_new_savings_option_and_chooses_open_in_new_tab()&amp#27;[0m
  &amp#27;[32mThen &amp#27;[0m&amp#27;[32mPage title &amp#27;[0m&amp#27;[32m&amp#27;[1m"New Savings Account"&amp#27;[0m&amp#27;[32m is displayed&amp#27;[0m                                &amp#27;[90m# stepDefs.NSAAutomationSteps.page_title_is_displayed(java.lang.String)&amp#27;[0m
  &amp#27;[32mAnd &amp#27;[0m&amp#27;[32mSelect Savings Account Type field is displayed&amp#27;[0m                                &amp#27;[90m# stepDefs.NSAAutomationSteps.select_savings_account_type_field_is_displayed()&amp#27;[0m
  &amp#27;[32mAnd &amp#27;[0m&amp#27;[32mRadio button options: Savings, Money Market are displayed&amp#27;[0m                     &amp#27;[90m# stepDefs.NSAAutomationSteps.radio_button_options_savings_money_market_are_displayed()&amp#27;[0m
  &amp#27;[32mBut &amp#27;[0m&amp#27;[32mRadio button options: Savings, Money Market are unchecked&amp#27;[0m                     &amp#27;[90m# stepDefs.NSAAutomationSteps.radio_button_options_savings_money_market_are_unchecked()&amp#27;[0m
]]></system-out>
    <system-err><![CDATA[Starting ChromeDriver 104.0.5112.79 (3cf3e8c8a07d104b9e1260c910efb8f383285dc5-refs/branch-heads/5112@{#1307}) on port 56508
Only local connections are allowed.
Please see https://chromedriver.chromium.org/security-considerations for suggestions on keeping ChromeDriver safe.
ChromeDriver was started successfully.
Aug 17, 2022 1:16:22 PM org.openqa.selenium.remote.ProtocolHandshake createSession
INFO: Detected dialect: W3C
Aug 17, 2022 1:16:22 PM org.openqa.selenium.devtools.CdpVersionFinder findNearestMatch
WARNING: Unable to find an exact match for CDP version 104, so returning the closest version found: a no-op implementation
Aug 17, 2022 1:16:22 PM org.openqa.selenium.devtools.CdpVersionFinder findNearestMatch
INFO: Unable to find CDP implementation matching 104.
Aug 17, 2022 1:16:22 PM org.openqa.selenium.chromium.ChromiumDriver lambda$new$3
WARNING: Unable to find version of CDP to use for . You may need to include a dependency on a specific version of the CDP using something similar to `org.seleniumhq.selenium:selenium-devtools-v86:4.1.4` where the version ("v86") matches the version of the chromium-based browser you're using and the version number of the artifact is the same as Selenium's.
]]></system-err>
  </testcase>
</testsuite>